<?xml version="1.0" encoding="UTF-8"?>
<testsuite xmlns:xsi="http://www.w3.org/2001/XMLSchema-instance" xsi:noNamespaceSchemaLocation="https://maven.apache.org/surefire/maven-surefire-plugin/xsd/surefire-test-report-3.0.xsd" version="3.0" name="com.green.springrestapi.SpringRestApiApplicationTests" time="3.882" tests="1" errors="0" skipped="0" failures="0">
  <properties>
    <property name="java.specification.version" value="17"/>
    <property name="sun.jnu.encoding" value="UTF-8"/>
    <property name="java.class.path" value="/opt/workspace/java/spring-rest-api/target/test-classes:/opt/workspace/java/spring-rest-api/target/classes:/home/sriban/.m2/repository/org/springframework/boot/spring-boot-starter-data-jpa/3.2.1/spring-boot-starter-data-jpa-3.2.1.jar:/home/sriban/.m2/repository/org/springframework/boot/spring-boot-starter-aop/3.2.1/spring-boot-starter-aop-3.2.1.jar:/home/sriban/.m2/repository/org/springframework/spring-aop/6.1.2/spring-aop-6.1.2.jar:/home/sriban/.m2/repository/org/aspectj/aspectjweaver/1.9.21/aspectjweaver-1.9.21.jar:/home/sriban/.m2/repository/org/springframework/boot/spring-boot-starter-jdbc/3.2.1/spring-boot-starter-jdbc-3.2.1.jar:/home/sriban/.m2/repository/com/zaxxer/HikariCP/5.0.1/HikariCP-5.0.1.jar:/home/sriban/.m2/repository/org/springframework/spring-jdbc/6.1.2/spring-jdbc-6.1.2.jar:/home/sriban/.m2/repository/org/hibernate/orm/hibernate-core/6.4.1.Final/hibernate-core-6.4.1.Final.jar:/home/sriban/.m2/repository/jakarta/persistence/jakarta.persistence-api/3.1.0/jakarta.persistence-api-3.1.0.jar:/home/sriban/.m2/repository/jakarta/transaction/jakarta.transaction-api/2.0.1/jakarta.transaction-api-2.0.1.jar:/home/sriban/.m2/repository/org/jboss/logging/jboss-logging/3.5.3.Final/jboss-logging-3.5.3.Final.jar:/home/sriban/.m2/repository/org/hibernate/common/hibernate-commons-annotations/6.0.6.Final/hibernate-commons-annotations-6.0.6.Final.jar:/home/sriban/.m2/repository/io/smallrye/jandex/3.1.2/jandex-3.1.2.jar:/home/sriban/.m2/repository/com/fasterxml/classmate/1.6.0/classmate-1.6.0.jar:/home/sriban/.m2/repository/net/bytebuddy/byte-buddy/1.14.10/byte-buddy-1.14.10.jar:/home/sriban/.m2/repository/org/glassfish/jaxb/jaxb-runtime/4.0.4/jaxb-runtime-4.0.4.jar:/home/sriban/.m2/repository/org/glassfish/jaxb/jaxb-core/4.0.4/jaxb-core-4.0.4.jar:/home/sriban/.m2/repository/org/eclipse/angus/angus-activation/2.0.1/angus-activation-2.0.1.jar:/home/sriban/.m2/repository/org/glassfish/jaxb/txw2/4.0.4/txw2-4.0.4.jar:/home/sriban/.m2/repository/com/sun/istack/istack-commons-runtime/4.1.2/istack-commons-runtime-4.1.2.jar:/home/sriban/.m2/repository/jakarta/inject/jakarta.inject-api/2.0.1/jakarta.inject-api-2.0.1.jar:/home/sriban/.m2/repository/org/antlr/antlr4-runtime/4.13.0/antlr4-runtime-4.13.0.jar:/home/sriban/.m2/repository/org/springframework/data/spring-data-jpa/3.2.1/spring-data-jpa-3.2.1.jar:/home/sriban/.m2/repository/org/springframework/data/spring-data-commons/3.2.1/spring-data-commons-3.2.1.jar:/home/sriban/.m2/repository/org/springframework/spring-orm/6.1.2/spring-orm-6.1.2.jar:/home/sriban/.m2/repository/org/springframework/spring-context/6.1.2/spring-context-6.1.2.jar:/home/sriban/.m2/repository/org/springframework/spring-tx/6.1.2/spring-tx-6.1.2.jar:/home/sriban/.m2/repository/org/springframework/spring-beans/6.1.2/spring-beans-6.1.2.jar:/home/sriban/.m2/repository/jakarta/annotation/jakarta.annotation-api/2.1.1/jakarta.annotation-api-2.1.1.jar:/home/sriban/.m2/repository/org/slf4j/slf4j-api/2.0.9/slf4j-api-2.0.9.jar:/home/sriban/.m2/repository/org/springframework/spring-aspects/6.1.2/spring-aspects-6.1.2.jar:/home/sriban/.m2/repository/org/springframework/boot/spring-boot-starter-validation/3.2.1/spring-boot-starter-validation-3.2.1.jar:/home/sriban/.m2/repository/org/springframework/boot/spring-boot-starter/3.2.1/spring-boot-starter-3.2.1.jar:/home/sriban/.m2/repository/org/springframework/boot/spring-boot/3.2.1/spring-boot-3.2.1.jar:/home/sriban/.m2/repository/org/springframework/boot/spring-boot-autoconfigure/3.2.1/spring-boot-autoconfigure-3.2.1.jar:/home/sriban/.m2/repository/org/springframework/boot/spring-boot-starter-logging/3.2.1/spring-boot-starter-logging-3.2.1.jar:/home/sriban/.m2/repository/ch/qos/logback/logback-classic/1.4.14/logback-classic-1.4.14.jar:/home/sriban/.m2/repository/ch/qos/logback/logback-core/1.4.14/logback-core-1.4.14.jar:/home/sriban/.m2/repository/org/apache/logging/log4j/log4j-to-slf4j/2.21.1/log4j-to-slf4j-2.21.1.jar:/home/sriban/.m2/repository/org/apache/logging/log4j/log4j-api/2.21.1/log4j-api-2.21.1.jar:/home/sriban/.m2/repository/org/slf4j/jul-to-slf4j/2.0.9/jul-to-slf4j-2.0.9.jar:/home/sriban/.m2/repository/org/yaml/snakeyaml/2.2/snakeyaml-2.2.jar:/home/sriban/.m2/repository/org/apache/tomcat/embed/tomcat-embed-el/10.1.17/tomcat-embed-el-10.1.17.jar:/home/sriban/.m2/repository/org/hibernate/validator/hibernate-validator/8.0.1.Final/hibernate-validator-8.0.1.Final.jar:/home/sriban/.m2/repository/jakarta/validation/jakarta.validation-api/3.0.2/jakarta.validation-api-3.0.2.jar:/home/sriban/.m2/repository/org/springframework/boot/spring-boot-starter-web/3.2.1/spring-boot-starter-web-3.2.1.jar:/home/sriban/.m2/repository/org/springframework/boot/spring-boot-starter-json/3.2.1/spring-boot-starter-json-3.2.1.jar:/home/sriban/.m2/repository/com/fasterxml/jackson/core/jackson-databind/2.15.3/jackson-databind-2.15.3.jar:/home/sriban/.m2/repository/com/fasterxml/jackson/core/jackson-annotations/2.15.3/jackson-annotations-2.15.3.jar:/home/sriban/.m2/repository/com/fasterxml/jackson/core/jackson-core/2.15.3/jackson-core-2.15.3.jar:/home/sriban/.m2/repository/com/fasterxml/jackson/datatype/jackson-datatype-jdk8/2.15.3/jackson-datatype-jdk8-2.15.3.jar:/home/sriban/.m2/repository/com/fasterxml/jackson/datatype/jackson-datatype-jsr310/2.15.3/jackson-datatype-jsr310-2.15.3.jar:/home/sriban/.m2/repository/com/fasterxml/jackson/module/jackson-module-parameter-names/2.15.3/jackson-module-parameter-names-2.15.3.jar:/home/sriban/.m2/repository/org/springframework/boot/spring-boot-starter-tomcat/3.2.1/spring-boot-starter-tomcat-3.2.1.jar:/home/sriban/.m2/repository/org/apache/tomcat/embed/tomcat-embed-core/10.1.17/tomcat-embed-core-10.1.17.jar:/home/sriban/.m2/repository/org/apache/tomcat/embed/tomcat-embed-websocket/10.1.17/tomcat-embed-websocket-10.1.17.jar:/home/sriban/.m2/repository/org/springframework/spring-web/6.1.2/spring-web-6.1.2.jar:/home/sriban/.m2/repository/io/micrometer/micrometer-observation/1.12.1/micrometer-observation-1.12.1.jar:/home/sriban/.m2/repository/io/micrometer/micrometer-commons/1.12.1/micrometer-commons-1.12.1.jar:/home/sriban/.m2/repository/org/springframework/spring-webmvc/6.1.2/spring-webmvc-6.1.2.jar:/home/sriban/.m2/repository/org/springframework/spring-expression/6.1.2/spring-expression-6.1.2.jar:/home/sriban/.m2/repository/com/h2database/h2/2.2.224/h2-2.2.224.jar:/home/sriban/.m2/repository/org/projectlombok/lombok/1.18.30/lombok-1.18.30.jar:/home/sriban/.m2/repository/org/springframework/boot/spring-boot-starter-test/3.2.1/spring-boot-starter-test-3.2.1.jar:/home/sriban/.m2/repository/org/springframework/boot/spring-boot-test/3.2.1/spring-boot-test-3.2.1.jar:/home/sriban/.m2/repository/org/springframework/boot/spring-boot-test-autoconfigure/3.2.1/spring-boot-test-autoconfigure-3.2.1.jar:/home/sriban/.m2/repository/com/jayway/jsonpath/json-path/2.8.0/json-path-2.8.0.jar:/home/sriban/.m2/repository/jakarta/xml/bind/jakarta.xml.bind-api/4.0.1/jakarta.xml.bind-api-4.0.1.jar:/home/sriban/.m2/repository/jakarta/activation/jakarta.activation-api/2.1.2/jakarta.activation-api-2.1.2.jar:/home/sriban/.m2/repository/net/minidev/json-smart/2.5.0/json-smart-2.5.0.jar:/home/sriban/.m2/repository/net/minidev/accessors-smart/2.5.0/accessors-smart-2.5.0.jar:/home/sriban/.m2/repository/org/ow2/asm/asm/9.3/asm-9.3.jar:/home/sriban/.m2/repository/org/assertj/assertj-core/3.24.2/assertj-core-3.24.2.jar:/home/sriban/.m2/repository/org/awaitility/awaitility/4.2.0/awaitility-4.2.0.jar:/home/sriban/.m2/repository/org/hamcrest/hamcrest/2.2/hamcrest-2.2.jar:/home/sriban/.m2/repository/org/junit/jupiter/junit-jupiter/5.10.1/junit-jupiter-5.10.1.jar:/home/sriban/.m2/repository/org/junit/jupiter/junit-jupiter-api/5.10.1/junit-jupiter-api-5.10.1.jar:/home/sriban/.m2/repository/org/opentest4j/opentest4j/1.3.0/opentest4j-1.3.0.jar:/home/sriban/.m2/repository/org/junit/platform/junit-platform-commons/1.10.1/junit-platform-commons-1.10.1.jar:/home/sriban/.m2/repository/org/apiguardian/apiguardian-api/1.1.2/apiguardian-api-1.1.2.jar:/home/sriban/.m2/repository/org/junit/jupiter/junit-jupiter-params/5.10.1/junit-jupiter-params-5.10.1.jar:/home/sriban/.m2/repository/org/junit/jupiter/junit-jupiter-engine/5.10.1/junit-jupiter-engine-5.10.1.jar:/home/sriban/.m2/repository/org/junit/platform/junit-platform-engine/1.10.1/junit-platform-engine-1.10.1.jar:/home/sriban/.m2/repository/org/mockito/mockito-core/5.7.0/mockito-core-5.7.0.jar:/home/sriban/.m2/repository/net/bytebuddy/byte-buddy-agent/1.14.10/byte-buddy-agent-1.14.10.jar:/home/sriban/.m2/repository/org/objenesis/objenesis/3.3/objenesis-3.3.jar:/home/sriban/.m2/repository/org/mockito/mockito-junit-jupiter/5.7.0/mockito-junit-jupiter-5.7.0.jar:/home/sriban/.m2/repository/org/skyscreamer/jsonassert/1.5.1/jsonassert-1.5.1.jar:/home/sriban/.m2/repository/com/vaadin/external/google/android-json/0.0.20131108.vaadin1/android-json-0.0.20131108.vaadin1.jar:/home/sriban/.m2/repository/org/springframework/spring-core/6.1.2/spring-core-6.1.2.jar:/home/sriban/.m2/repository/org/springframework/spring-jcl/6.1.2/spring-jcl-6.1.2.jar:/home/sriban/.m2/repository/org/springframework/spring-test/6.1.2/spring-test-6.1.2.jar:/home/sriban/.m2/repository/org/xmlunit/xmlunit-core/2.9.1/xmlunit-core-2.9.1.jar:/home/sriban/.m2/repository/org/springframework/boot/spring-boot-starter-data-redis-reactive/3.2.1/spring-boot-starter-data-redis-reactive-3.2.1.jar:/home/sriban/.m2/repository/io/lettuce/lettuce-core/6.3.0.RELEASE/lettuce-core-6.3.0.RELEASE.jar:/home/sriban/.m2/repository/io/netty/netty-common/4.1.104.Final/netty-common-4.1.104.Final.jar:/home/sriban/.m2/repository/io/netty/netty-handler/4.1.104.Final/netty-handler-4.1.104.Final.jar:/home/sriban/.m2/repository/io/netty/netty-resolver/4.1.104.Final/netty-resolver-4.1.104.Final.jar:/home/sriban/.m2/repository/io/netty/netty-buffer/4.1.104.Final/netty-buffer-4.1.104.Final.jar:/home/sriban/.m2/repository/io/netty/netty-transport-native-unix-common/4.1.104.Final/netty-transport-native-unix-common-4.1.104.Final.jar:/home/sriban/.m2/repository/io/netty/netty-codec/4.1.104.Final/netty-codec-4.1.104.Final.jar:/home/sriban/.m2/repository/io/netty/netty-transport/4.1.104.Final/netty-transport-4.1.104.Final.jar:/home/sriban/.m2/repository/io/projectreactor/reactor-core/3.6.1/reactor-core-3.6.1.jar:/home/sriban/.m2/repository/org/reactivestreams/reactive-streams/1.0.4/reactive-streams-1.0.4.jar:/home/sriban/.m2/repository/org/springframework/data/spring-data-redis/3.2.1/spring-data-redis-3.2.1.jar:/home/sriban/.m2/repository/org/springframework/data/spring-data-keyvalue/3.2.1/spring-data-keyvalue-3.2.1.jar:/home/sriban/.m2/repository/org/springframework/spring-oxm/6.1.2/spring-oxm-6.1.2.jar:/home/sriban/.m2/repository/org/springframework/spring-context-support/6.1.2/spring-context-support-6.1.2.jar:"/>
    <property name="java.vm.vendor" value="Private Build"/>
    <property name="sun.arch.data.model" value="64"/>
    <property name="java.vendor.url" value="Unknown"/>
    <property name="user.timezone" value="Asia/Kolkata"/>
    <property name="org.jboss.logging.provider" value="slf4j"/>
    <property name="os.name" value="Linux"/>
    <property name="java.vm.specification.version" value="17"/>
    <property name="sun.java.launcher" value="SUN_STANDARD"/>
    <property name="user.country" value="IN"/>
    <property name="sun.boot.library.path" value="/usr/lib/jvm/java-17-openjdk-amd64/lib"/>
    <property name="sun.java.command" value="/opt/workspace/java/spring-rest-api/target/surefire/surefirebooter-20240313230157271_3.jar /opt/workspace/java/spring-rest-api/target/surefire 2024-03-13T23-01-57_131-jvmRun1 surefire-20240313230157271_1tmp surefire_0-20240313230157271_2tmp"/>
    <property name="jdk.debug" value="release"/>
    <property name="surefire.test.class.path" value="/opt/workspace/java/spring-rest-api/target/test-classes:/opt/workspace/java/spring-rest-api/target/classes:/home/sriban/.m2/repository/org/springframework/boot/spring-boot-starter-data-jpa/3.2.1/spring-boot-starter-data-jpa-3.2.1.jar:/home/sriban/.m2/repository/org/springframework/boot/spring-boot-starter-aop/3.2.1/spring-boot-starter-aop-3.2.1.jar:/home/sriban/.m2/repository/org/springframework/spring-aop/6.1.2/spring-aop-6.1.2.jar:/home/sriban/.m2/repository/org/aspectj/aspectjweaver/1.9.21/aspectjweaver-1.9.21.jar:/home/sriban/.m2/repository/org/springframework/boot/spring-boot-starter-jdbc/3.2.1/spring-boot-starter-jdbc-3.2.1.jar:/home/sriban/.m2/repository/com/zaxxer/HikariCP/5.0.1/HikariCP-5.0.1.jar:/home/sriban/.m2/repository/org/springframework/spring-jdbc/6.1.2/spring-jdbc-6.1.2.jar:/home/sriban/.m2/repository/org/hibernate/orm/hibernate-core/6.4.1.Final/hibernate-core-6.4.1.Final.jar:/home/sriban/.m2/repository/jakarta/persistence/jakarta.persistence-api/3.1.0/jakarta.persistence-api-3.1.0.jar:/home/sriban/.m2/repository/jakarta/transaction/jakarta.transaction-api/2.0.1/jakarta.transaction-api-2.0.1.jar:/home/sriban/.m2/repository/org/jboss/logging/jboss-logging/3.5.3.Final/jboss-logging-3.5.3.Final.jar:/home/sriban/.m2/repository/org/hibernate/common/hibernate-commons-annotations/6.0.6.Final/hibernate-commons-annotations-6.0.6.Final.jar:/home/sriban/.m2/repository/io/smallrye/jandex/3.1.2/jandex-3.1.2.jar:/home/sriban/.m2/repository/com/fasterxml/classmate/1.6.0/classmate-1.6.0.jar:/home/sriban/.m2/repository/net/bytebuddy/byte-buddy/1.14.10/byte-buddy-1.14.10.jar:/home/sriban/.m2/repository/org/glassfish/jaxb/jaxb-runtime/4.0.4/jaxb-runtime-4.0.4.jar:/home/sriban/.m2/repository/org/glassfish/jaxb/jaxb-core/4.0.4/jaxb-core-4.0.4.jar:/home/sriban/.m2/repository/org/eclipse/angus/angus-activation/2.0.1/angus-activation-2.0.1.jar:/home/sriban/.m2/repository/org/glassfish/jaxb/txw2/4.0.4/txw2-4.0.4.jar:/home/sriban/.m2/repository/com/sun/istack/istack-commons-runtime/4.1.2/istack-commons-runtime-4.1.2.jar:/home/sriban/.m2/repository/jakarta/inject/jakarta.inject-api/2.0.1/jakarta.inject-api-2.0.1.jar:/home/sriban/.m2/repository/org/antlr/antlr4-runtime/4.13.0/antlr4-runtime-4.13.0.jar:/home/sriban/.m2/repository/org/springframework/data/spring-data-jpa/3.2.1/spring-data-jpa-3.2.1.jar:/home/sriban/.m2/repository/org/springframework/data/spring-data-commons/3.2.1/spring-data-commons-3.2.1.jar:/home/sriban/.m2/repository/org/springframework/spring-orm/6.1.2/spring-orm-6.1.2.jar:/home/sriban/.m2/repository/org/springframework/spring-context/6.1.2/spring-context-6.1.2.jar:/home/sriban/.m2/repository/org/springframework/spring-tx/6.1.2/spring-tx-6.1.2.jar:/home/sriban/.m2/repository/org/springframework/spring-beans/6.1.2/spring-beans-6.1.2.jar:/home/sriban/.m2/repository/jakarta/annotation/jakarta.annotation-api/2.1.1/jakarta.annotation-api-2.1.1.jar:/home/sriban/.m2/repository/org/slf4j/slf4j-api/2.0.9/slf4j-api-2.0.9.jar:/home/sriban/.m2/repository/org/springframework/spring-aspects/6.1.2/spring-aspects-6.1.2.jar:/home/sriban/.m2/repository/org/springframework/boot/spring-boot-starter-validation/3.2.1/spring-boot-starter-validation-3.2.1.jar:/home/sriban/.m2/repository/org/springframework/boot/spring-boot-starter/3.2.1/spring-boot-starter-3.2.1.jar:/home/sriban/.m2/repository/org/springframework/boot/spring-boot/3.2.1/spring-boot-3.2.1.jar:/home/sriban/.m2/repository/org/springframework/boot/spring-boot-autoconfigure/3.2.1/spring-boot-autoconfigure-3.2.1.jar:/home/sriban/.m2/repository/org/springframework/boot/spring-boot-starter-logging/3.2.1/spring-boot-starter-logging-3.2.1.jar:/home/sriban/.m2/repository/ch/qos/logback/logback-classic/1.4.14/logback-classic-1.4.14.jar:/home/sriban/.m2/repository/ch/qos/logback/logback-core/1.4.14/logback-core-1.4.14.jar:/home/sriban/.m2/repository/org/apache/logging/log4j/log4j-to-slf4j/2.21.1/log4j-to-slf4j-2.21.1.jar:/home/sriban/.m2/repository/org/apache/logging/log4j/log4j-api/2.21.1/log4j-api-2.21.1.jar:/home/sriban/.m2/repository/org/slf4j/jul-to-slf4j/2.0.9/jul-to-slf4j-2.0.9.jar:/home/sriban/.m2/repository/org/yaml/snakeyaml/2.2/snakeyaml-2.2.jar:/home/sriban/.m2/repository/org/apache/tomcat/embed/tomcat-embed-el/10.1.17/tomcat-embed-el-10.1.17.jar:/home/sriban/.m2/repository/org/hibernate/validator/hibernate-validator/8.0.1.Final/hibernate-validator-8.0.1.Final.jar:/home/sriban/.m2/repository/jakarta/validation/jakarta.validation-api/3.0.2/jakarta.validation-api-3.0.2.jar:/home/sriban/.m2/repository/org/springframework/boot/spring-boot-starter-web/3.2.1/spring-boot-starter-web-3.2.1.jar:/home/sriban/.m2/repository/org/springframework/boot/spring-boot-starter-json/3.2.1/spring-boot-starter-json-3.2.1.jar:/home/sriban/.m2/repository/com/fasterxml/jackson/core/jackson-databind/2.15.3/jackson-databind-2.15.3.jar:/home/sriban/.m2/repository/com/fasterxml/jackson/core/jackson-annotations/2.15.3/jackson-annotations-2.15.3.jar:/home/sriban/.m2/repository/com/fasterxml/jackson/core/jackson-core/2.15.3/jackson-core-2.15.3.jar:/home/sriban/.m2/repository/com/fasterxml/jackson/datatype/jackson-datatype-jdk8/2.15.3/jackson-datatype-jdk8-2.15.3.jar:/home/sriban/.m2/repository/com/fasterxml/jackson/datatype/jackson-datatype-jsr310/2.15.3/jackson-datatype-jsr310-2.15.3.jar:/home/sriban/.m2/repository/com/fasterxml/jackson/module/jackson-module-parameter-names/2.15.3/jackson-module-parameter-names-2.15.3.jar:/home/sriban/.m2/repository/org/springframework/boot/spring-boot-starter-tomcat/3.2.1/spring-boot-starter-tomcat-3.2.1.jar:/home/sriban/.m2/repository/org/apache/tomcat/embed/tomcat-embed-core/10.1.17/tomcat-embed-core-10.1.17.jar:/home/sriban/.m2/repository/org/apache/tomcat/embed/tomcat-embed-websocket/10.1.17/tomcat-embed-websocket-10.1.17.jar:/home/sriban/.m2/repository/org/springframework/spring-web/6.1.2/spring-web-6.1.2.jar:/home/sriban/.m2/repository/io/micrometer/micrometer-observation/1.12.1/micrometer-observation-1.12.1.jar:/home/sriban/.m2/repository/io/micrometer/micrometer-commons/1.12.1/micrometer-commons-1.12.1.jar:/home/sriban/.m2/repository/org/springframework/spring-webmvc/6.1.2/spring-webmvc-6.1.2.jar:/home/sriban/.m2/repository/org/springframework/spring-expression/6.1.2/spring-expression-6.1.2.jar:/home/sriban/.m2/repository/com/h2database/h2/2.2.224/h2-2.2.224.jar:/home/sriban/.m2/repository/org/projectlombok/lombok/1.18.30/lombok-1.18.30.jar:/home/sriban/.m2/repository/org/springframework/boot/spring-boot-starter-test/3.2.1/spring-boot-starter-test-3.2.1.jar:/home/sriban/.m2/repository/org/springframework/boot/spring-boot-test/3.2.1/spring-boot-test-3.2.1.jar:/home/sriban/.m2/repository/org/springframework/boot/spring-boot-test-autoconfigure/3.2.1/spring-boot-test-autoconfigure-3.2.1.jar:/home/sriban/.m2/repository/com/jayway/jsonpath/json-path/2.8.0/json-path-2.8.0.jar:/home/sriban/.m2/repository/jakarta/xml/bind/jakarta.xml.bind-api/4.0.1/jakarta.xml.bind-api-4.0.1.jar:/home/sriban/.m2/repository/jakarta/activation/jakarta.activation-api/2.1.2/jakarta.activation-api-2.1.2.jar:/home/sriban/.m2/repository/net/minidev/json-smart/2.5.0/json-smart-2.5.0.jar:/home/sriban/.m2/repository/net/minidev/accessors-smart/2.5.0/accessors-smart-2.5.0.jar:/home/sriban/.m2/repository/org/ow2/asm/asm/9.3/asm-9.3.jar:/home/sriban/.m2/repository/org/assertj/assertj-core/3.24.2/assertj-core-3.24.2.jar:/home/sriban/.m2/repository/org/awaitility/awaitility/4.2.0/awaitility-4.2.0.jar:/home/sriban/.m2/repository/org/hamcrest/hamcrest/2.2/hamcrest-2.2.jar:/home/sriban/.m2/repository/org/junit/jupiter/junit-jupiter/5.10.1/junit-jupiter-5.10.1.jar:/home/sriban/.m2/repository/org/junit/jupiter/junit-jupiter-api/5.10.1/junit-jupiter-api-5.10.1.jar:/home/sriban/.m2/repository/org/opentest4j/opentest4j/1.3.0/opentest4j-1.3.0.jar:/home/sriban/.m2/repository/org/junit/platform/junit-platform-commons/1.10.1/junit-platform-commons-1.10.1.jar:/home/sriban/.m2/repository/org/apiguardian/apiguardian-api/1.1.2/apiguardian-api-1.1.2.jar:/home/sriban/.m2/repository/org/junit/jupiter/junit-jupiter-params/5.10.1/junit-jupiter-params-5.10.1.jar:/home/sriban/.m2/repository/org/junit/jupiter/junit-jupiter-engine/5.10.1/junit-jupiter-engine-5.10.1.jar:/home/sriban/.m2/repository/org/junit/platform/junit-platform-engine/1.10.1/junit-platform-engine-1.10.1.jar:/home/sriban/.m2/repository/org/mockito/mockito-core/5.7.0/mockito-core-5.7.0.jar:/home/sriban/.m2/repository/net/bytebuddy/byte-buddy-agent/1.14.10/byte-buddy-agent-1.14.10.jar:/home/sriban/.m2/repository/org/objenesis/objenesis/3.3/objenesis-3.3.jar:/home/sriban/.m2/repository/org/mockito/mockito-junit-jupiter/5.7.0/mockito-junit-jupiter-5.7.0.jar:/home/sriban/.m2/repository/org/skyscreamer/jsonassert/1.5.1/jsonassert-1.5.1.jar:/home/sriban/.m2/repository/com/vaadin/external/google/android-json/0.0.20131108.vaadin1/android-json-0.0.20131108.vaadin1.jar:/home/sriban/.m2/repository/org/springframework/spring-core/6.1.2/spring-core-6.1.2.jar:/home/sriban/.m2/repository/org/springframework/spring-jcl/6.1.2/spring-jcl-6.1.2.jar:/home/sriban/.m2/repository/org/springframework/spring-test/6.1.2/spring-test-6.1.2.jar:/home/sriban/.m2/repository/org/xmlunit/xmlunit-core/2.9.1/xmlunit-core-2.9.1.jar:/home/sriban/.m2/repository/org/springframework/boot/spring-boot-starter-data-redis-reactive/3.2.1/spring-boot-starter-data-redis-reactive-3.2.1.jar:/home/sriban/.m2/repository/io/lettuce/lettuce-core/6.3.0.RELEASE/lettuce-core-6.3.0.RELEASE.jar:/home/sriban/.m2/repository/io/netty/netty-common/4.1.104.Final/netty-common-4.1.104.Final.jar:/home/sriban/.m2/repository/io/netty/netty-handler/4.1.104.Final/netty-handler-4.1.104.Final.jar:/home/sriban/.m2/repository/io/netty/netty-resolver/4.1.104.Final/netty-resolver-4.1.104.Final.jar:/home/sriban/.m2/repository/io/netty/netty-buffer/4.1.104.Final/netty-buffer-4.1.104.Final.jar:/home/sriban/.m2/repository/io/netty/netty-transport-native-unix-common/4.1.104.Final/netty-transport-native-unix-common-4.1.104.Final.jar:/home/sriban/.m2/repository/io/netty/netty-codec/4.1.104.Final/netty-codec-4.1.104.Final.jar:/home/sriban/.m2/repository/io/netty/netty-transport/4.1.104.Final/netty-transport-4.1.104.Final.jar:/home/sriban/.m2/repository/io/projectreactor/reactor-core/3.6.1/reactor-core-3.6.1.jar:/home/sriban/.m2/repository/org/reactivestreams/reactive-streams/1.0.4/reactive-streams-1.0.4.jar:/home/sriban/.m2/repository/org/springframework/data/spring-data-redis/3.2.1/spring-data-redis-3.2.1.jar:/home/sriban/.m2/repository/org/springframework/data/spring-data-keyvalue/3.2.1/spring-data-keyvalue-3.2.1.jar:/home/sriban/.m2/repository/org/springframework/spring-oxm/6.1.2/spring-oxm-6.1.2.jar:/home/sriban/.m2/repository/org/springframework/spring-context-support/6.1.2/spring-context-support-6.1.2.jar:"/>
    <property name="sun.cpu.endian" value="little"/>
    <property name="user.home" value="/home/sriban"/>
    <property name="user.language" value="en"/>
    <property name="java.specification.vendor" value="Oracle Corporation"/>
    <property name="java.version.date" value="2024-01-16"/>
    <property name="java.home" value="/usr/lib/jvm/java-17-openjdk-amd64"/>
    <property name="file.separator" value="/"/>
    <property name="basedir" value="/opt/workspace/java/spring-rest-api"/>
    <property name="java.vm.compressedOopsMode" value="Zero based"/>
    <property name="line.separator" value="&#10;"/>
    <property name="java.specification.name" value="Java Platform API Specification"/>
    <property name="java.vm.specification.vendor" value="Oracle Corporation"/>
    <property name="FILE_LOG_CHARSET" value="UTF-8"/>
    <property name="java.awt.headless" value="true"/>
    <property name="surefire.real.class.path" value="/opt/workspace/java/spring-rest-api/target/surefire/surefirebooter-20240313230157271_3.jar"/>
    <property name="sun.management.compiler" value="HotSpot 64-Bit Tiered Compilers"/>
    <property name="java.runtime.version" value="17.0.10+7-Ubuntu-122.04.1"/>
    <property name="user.name" value="sriban"/>
    <property name="path.separator" value=":"/>
    <property name="os.version" value="6.5.0-25-generic"/>
    <property name="java.runtime.name" value="OpenJDK Runtime Environment"/>
    <property name="file.encoding" value="UTF-8"/>
    <property name="java.vm.name" value="OpenJDK 64-Bit Server VM"/>
    <property name="localRepository" value="/home/sriban/.m2/repository"/>
    <property name="java.vendor.url.bug" value="Unknown"/>
    <property name="java.io.tmpdir" value="/tmp"/>
    <property name="idea.version" value="2023.3.5"/>
    <property name="com.zaxxer.hikari.pool_number" value="1"/>
    <property name="java.version" value="17.0.10"/>
    <property name="user.dir" value="/opt/workspace/java/spring-rest-api"/>
    <property name="os.arch" value="amd64"/>
    <property name="java.vm.specification.name" value="Java Virtual Machine Specification"/>
    <property name="PID" value="20705"/>
    <property name="CONSOLE_LOG_CHARSET" value="UTF-8"/>
    <property name="native.encoding" value="UTF-8"/>
    <property name="java.library.path" value="/usr/java/packages/lib:/usr/lib/x86_64-linux-gnu/jni:/lib/x86_64-linux-gnu:/usr/lib/x86_64-linux-gnu:/usr/lib/jni:/lib:/usr/lib"/>
    <property name="java.vm.info" value="mixed mode, sharing"/>
    <property name="java.vendor" value="Private Build"/>
    <property name="java.vm.version" value="17.0.10+7-Ubuntu-122.04.1"/>
    <property name="sun.io.unicode.encoding" value="UnicodeLittle"/>
    <property name="java.class.version" value="61.0"/>
  </properties>
  <testcase name="contextLoads" classname="com.green.springrestapi.SpringRestApiApplicationTests" time="0.005">
    <system-out><![CDATA[2024-03-13T23:02:02.425+05:30  INFO 20705 --- [           main] t.c.s.AnnotationConfigContextLoaderUtils : Could not detect default configuration classes for test class [com.green.springrestapi.SpringRestApiApplicationTests]: SpringRestApiApplicationTests does not declare any static, non-private, non-final, nested classes annotated with @Configuration.
2024-03-13T23:02:02.452+05:30  INFO 20705 --- [           main] .b.t.c.SpringBootTestContextBootstrapper : Found @SpringBootConfiguration com.green.springrestapi.SpringRestApiApplication for test class com.green.springrestapi.SpringRestApiApplicationTests

  .   ____          _            __ _ _
 /\\ / ___'_ __ _ _(_)_ __  __ _ \ \ \ \
( ( )\___ | '_ | '_| | '_ \/ _` | \ \ \ \
 \\/  ___)| |_)| | | | | || (_| |  ) ) ) )
  '  |____| .__|_| |_|_| |_\__, | / / / /
 =========|_|==============|___/=/_/_/_/
 :: Spring Boot ::                (v3.2.1)

2024-03-13T23:02:02.527+05:30  INFO 20705 --- [           main] c.g.s.SpringRestApiApplicationTests      : Starting SpringRestApiApplicationTests using Java 17.0.10 with PID 20705 (started by sriban in /opt/workspace/java/spring-rest-api)
2024-03-13T23:02:02.527+05:30  INFO 20705 --- [           main] c.g.s.SpringRestApiApplicationTests      : No active profile set, falling back to 1 default profile: "default"
2024-03-13T23:02:03.107+05:30  INFO 20705 --- [           main] .s.d.r.c.RepositoryConfigurationDelegate : Multiple Spring Data modules found, entering strict repository configuration mode
2024-03-13T23:02:03.109+05:30  INFO 20705 --- [           main] .s.d.r.c.RepositoryConfigurationDelegate : Bootstrapping Spring Data JPA repositories in DEFAULT mode.
2024-03-13T23:02:03.154+05:30  INFO 20705 --- [           main] .s.d.r.c.RepositoryConfigurationDelegate : Finished Spring Data repository scanning in 36 ms. Found 1 JPA repository interface.
2024-03-13T23:02:03.177+05:30  INFO 20705 --- [           main] .s.d.r.c.RepositoryConfigurationDelegate : Multiple Spring Data modules found, entering strict repository configuration mode
2024-03-13T23:02:03.178+05:30  INFO 20705 --- [           main] .s.d.r.c.RepositoryConfigurationDelegate : Bootstrapping Spring Data Redis repositories in DEFAULT mode.
2024-03-13T23:02:03.193+05:30  INFO 20705 --- [           main] .RepositoryConfigurationExtensionSupport : Spring Data Redis - Could not safely identify store assignment for repository candidate interface com.green.springrestapi.repository.UserRepository; If you want this repository to be a Redis repository, consider annotating your entities with one of these annotations: org.springframework.data.redis.core.RedisHash (preferred), or consider extending one of the following types with your repository: org.springframework.data.keyvalue.repository.KeyValueRepository
2024-03-13T23:02:03.193+05:30  INFO 20705 --- [           main] .s.d.r.c.RepositoryConfigurationDelegate : Finished Spring Data repository scanning in 4 ms. Found 0 Redis repository interfaces.
2024-03-13T23:02:03.599+05:30  INFO 20705 --- [           main] com.zaxxer.hikari.HikariDataSource       : HikariPool-1 - Starting...
2024-03-13T23:02:03.863+05:30  INFO 20705 --- [           main] com.zaxxer.hikari.pool.HikariPool        : HikariPool-1 - Added connection conn0: url=jdbc:h2:mem:testdb user=SA
2024-03-13T23:02:03.864+05:30  INFO 20705 --- [           main] com.zaxxer.hikari.HikariDataSource       : HikariPool-1 - Start completed.
2024-03-13T23:02:03.934+05:30  INFO 20705 --- [           main] o.hibernate.jpa.internal.util.LogHelper  : HHH000204: Processing PersistenceUnitInfo [name: default]
2024-03-13T23:02:04.019+05:30  INFO 20705 --- [           main] org.hibernate.Version                    : HHH000412: Hibernate ORM core version 6.4.1.Final
2024-03-13T23:02:04.079+05:30  INFO 20705 --- [           main] o.h.c.internal.RegionFactoryInitiator    : HHH000026: Second-level cache disabled
2024-03-13T23:02:04.260+05:30  INFO 20705 --- [           main] o.s.o.j.p.SpringPersistenceUnitInfo      : No LoadTimeWeaver setup: ignoring JPA class transformer
2024-03-13T23:02:04.331+05:30  WARN 20705 --- [           main] org.hibernate.orm.deprecation            : HHH90000025: H2Dialect does not need to be specified explicitly using 'hibernate.dialect' (remove the property setting and it will be selected by default)
2024-03-13T23:02:05.176+05:30  INFO 20705 --- [           main] o.h.e.t.j.p.i.JtaPlatformInitiator       : HHH000489: No JTA platform available (set 'hibernate.transaction.jta.platform' to enable JTA platform integration)
Hibernate: 
    drop table if exists app_user cascade 
Hibernate: 
    drop sequence if exists app_user_seq
Hibernate: 
    create sequence app_user_seq start with 1 increment by 50
Hibernate: 
    create table app_user (
        active char(1) not null,
        id bigint not null,
        password varchar(8),
        phone varchar(10),
        email varchar(255),
        first_name varchar(255) not null,
        last_name varchar(255) not null,
        role varchar(255),
        primary key (id)
    )
2024-03-13T23:02:05.209+05:30  INFO 20705 --- [           main] j.LocalContainerEntityManagerFactoryBean : Initialized JPA EntityManagerFactory for persistence unit 'default'
2024-03-13T23:02:05.559+05:30  INFO 20705 --- [           main] o.s.d.j.r.query.QueryEnhancerFactory     : Hibernate is in classpath; If applicable, HQL parser will be used.
2024-03-13T23:02:05.560+05:30  WARN 20705 --- [           main] o.s.d.j.r.query.JpaQueryLookupStrategy   : Query method public abstract java.util.Optional com.green.springrestapi.repository.UserRepository.getActiveUser() is annotated with both, a query and a query name; Using the declared query
2024-03-13T23:02:05.701+05:30  WARN 20705 --- [           main] JpaBaseConfiguration$JpaWebConfiguration : spring.jpa.open-in-view is enabled by default. Therefore, database queries may be performed during view rendering. Explicitly configure spring.jpa.open-in-view to disable this warning
2024-03-13T23:02:06.238+05:30  INFO 20705 --- [           main] o.s.b.a.h2.H2ConsoleAutoConfiguration    : H2 console available at '/h2-console'. Database available at 'jdbc:h2:mem:testdb'
2024-03-13T23:02:06.297+05:30  INFO 20705 --- [           main] c.g.s.SpringRestApiApplicationTests      : Started SpringRestApiApplicationTests in 3.84 seconds (process running for 8.967)
]]></system-out>
  </testcase>
</testsuite>